1770362936828	geckodriver	INFO	Listening on 127.0.0.1:59432
1770362939935	mozrunner::runner	INFO	Running command: "C:\\Program Files\\Mozilla Firefox\\firefox.exe" "--marionette" "--remote-debugging-port" "59433" "--remote-allow-hosts" "localhost" "-no-remote" "-profile" "C:\\Users\\ZSIROS~1\\AppData\\Local\\Temp\\rust_mozprofileK86Qr1"
console.warn: services.settings: Ignoring preference override of remote settings server
console.warn: services.settings: Allow by setting MOZ_REMOTE_SETTINGS_DEVTOOLS=1 in the environment
Dynamically enable window occlusion 0
1770362940151	Marionette	INFO	Marionette enabled
1770362940228	Marionette	INFO	Listening on port 59481
WebDriver BiDi listening on ws://127.0.0.1:59433
Read port: 59481
1770362940308	RemoteAgent	WARN	TLS certificate errors will be ignored for this session
1770362941625	Marionette	WARN	Ignoring event 'DOMContentLoaded' because document has an invalid readyState of 'complete'.
JavaScript warning: https://www.saucedemo.com/static/js/main.bcf4bc5f.js, line 2: Script terminated by timeout at:
get@https://www.saucedemo.com/static/js/main.bcf4bc5f.js:2:507274
89083/r/936/t/7429/value/<@https://www.saucedemo.com/static/js/main.bcf4bc5f.js:2:440891

1770362948632	Marionette	INFO	Stopped listening on port 59481
Dynamically enable window occlusion 1
console.error: "Failed to fetch https://spocs.getpocket.com/user:" "NetworkError when attempting to fetch resource."
console.error: (new TypeError("NetworkError when attempting to fetch resource.", ""))
console.error: (new Error("OHTTP was configured for https://ads.mozilla.org/v1/delete_user but we couldn't fetch a valid config", "moz-src:///browser/modules/ContextId.sys.mjs", 234))
console.warn: TopSitesFeed: Failed to fetch data from MARS server: NetworkError when attempting to fetch resource.
JavaScript error: resource://gre/modules/ObliviousHTTP.sys.mjs, line 105: NS_ERROR_XPC_CANT_CONVERT_PRIMITIVE_TO_ARRAY: Cannot convert primitive JavaScript value into an array arg 2 [nsIObliviousHttpService.newChannel]
JavaScript error: resource://services-settings/RemoteSettingsClient.sys.mjs, line 102: Error: Unknown callback
